  Bishop.cpp
C:\Users\User\Documents\chess\chess-idan\Project1\Project1\Rook.h(6,21): error C2504: 'Piece': base class undefined
  (compiling source file 'Bishop.cpp')
  
C:\Users\User\Documents\chess\chess-idan\Project1\Project1\Knight.h(6,23): error C2504: 'Piece': base class undefined
  (compiling source file 'Bishop.cpp')
  
C:\Users\User\Documents\chess\chess-idan\Project1\Project1\Queen.h(5,22): error C2504: 'Piece': base class undefined
  (compiling source file 'Bishop.cpp')
  
C:\Users\User\Documents\chess\chess-idan\Project1\Project1\King.h(10,21): error C2504: 'Piece': base class undefined
  (compiling source file 'Bishop.cpp')
  
C:\Users\User\Documents\chess\chess-idan\Project1\Project1\Pawn.h(7,21): error C2504: 'Piece': base class undefined
  (compiling source file 'Bishop.cpp')
  
C:\Users\User\Documents\chess\chess-idan\Project1\Project1\NullPiece.h(5,26): error C2504: 'Piece': base class undefined
  (compiling source file 'Bishop.cpp')
  
  Board.cpp
C:\Users\User\Documents\chess\chess-idan\Project1\Project1\Board.cpp(84,41): error C2248: 'Piece::_player': cannot access protected member declared in class 'Piece'
      C:\Users\User\Documents\chess\chess-idan\Project1\Project1\Piece.h(25,10):
      see declaration of 'Piece::_player'
      C:\Users\User\Documents\chess\chess-idan\Project1\Project1\Piece.h(11,7):
      see declaration of 'Piece'
  
C:\Users\User\Documents\chess\chess-idan\Project1\Project1\Board.cpp(100,17): error C2248: 'Piece::isWayFree': cannot access protected member declared in class 'Piece'
      C:\Users\User\Documents\chess\chess-idan\Project1\Project1\Piece.h(33,7):
      see declaration of 'Piece::isWayFree'
      C:\Users\User\Documents\chess\chess-idan\Project1\Project1\Piece.h(11,7):
      see declaration of 'Piece'
  
  King.cpp
C:\Users\User\Documents\chess\chess-idan\Project1\Project1\Rook.h(6,21): error C2504: 'Piece': base class undefined
  (compiling source file 'King.cpp')
  
C:\Users\User\Documents\chess\chess-idan\Project1\Project1\Knight.h(6,23): error C2504: 'Piece': base class undefined
  (compiling source file 'King.cpp')
  
C:\Users\User\Documents\chess\chess-idan\Project1\Project1\Bishop.h(6,23): error C2504: 'Piece': base class undefined
  (compiling source file 'King.cpp')
  
C:\Users\User\Documents\chess\chess-idan\Project1\Project1\Queen.h(5,22): error C2504: 'Piece': base class undefined
  (compiling source file 'King.cpp')
  
C:\Users\User\Documents\chess\chess-idan\Project1\Project1\Pawn.h(7,21): error C2504: 'Piece': base class undefined
  (compiling source file 'King.cpp')
  
C:\Users\User\Documents\chess\chess-idan\Project1\Project1\NullPiece.h(5,26): error C2504: 'Piece': base class undefined
  (compiling source file 'King.cpp')
  
  Knight.cpp
C:\Users\User\Documents\chess\chess-idan\Project1\Project1\Rook.h(6,21): error C2504: 'Piece': base class undefined
  (compiling source file 'Knight.cpp')
  
C:\Users\User\Documents\chess\chess-idan\Project1\Project1\Bishop.h(6,23): error C2504: 'Piece': base class undefined
  (compiling source file 'Knight.cpp')
  
C:\Users\User\Documents\chess\chess-idan\Project1\Project1\Queen.h(5,22): error C2504: 'Piece': base class undefined
  (compiling source file 'Knight.cpp')
  
C:\Users\User\Documents\chess\chess-idan\Project1\Project1\King.h(10,21): error C2504: 'Piece': base class undefined
  (compiling source file 'Knight.cpp')
  
C:\Users\User\Documents\chess\chess-idan\Project1\Project1\Pawn.h(7,21): error C2504: 'Piece': base class undefined
  (compiling source file 'Knight.cpp')
  
C:\Users\User\Documents\chess\chess-idan\Project1\Project1\NullPiece.h(5,26): error C2504: 'Piece': base class undefined
  (compiling source file 'Knight.cpp')
  
  Manager.cpp
C:\Users\User\Documents\chess\chess-idan\Project1\Project1\Rook.h(6,21): error C2504: 'Piece': base class undefined
  (compiling source file 'Manager.cpp')
  
C:\Users\User\Documents\chess\chess-idan\Project1\Project1\Rook.h(9,7): error C2061: syntax error: identifier 'Player'
  (compiling source file 'Manager.cpp')
  
C:\Users\User\Documents\chess\chess-idan\Project1\Project1\Knight.h(6,23): error C2504: 'Piece': base class undefined
  (compiling source file 'Manager.cpp')
  
C:\Users\User\Documents\chess\chess-idan\Project1\Project1\Knight.h(9,9): error C2061: syntax error: identifier 'Player'
  (compiling source file 'Manager.cpp')
  
C:\Users\User\Documents\chess\chess-idan\Project1\Project1\Bishop.h(6,23): error C2504: 'Piece': base class undefined
  (compiling source file 'Manager.cpp')
  
C:\Users\User\Documents\chess\chess-idan\Project1\Project1\Bishop.h(9,9): error C2061: syntax error: identifier 'Player'
  (compiling source file 'Manager.cpp')
  
C:\Users\User\Documents\chess\chess-idan\Project1\Project1\Queen.h(5,22): error C2504: 'Piece': base class undefined
  (compiling source file 'Manager.cpp')
  
C:\Users\User\Documents\chess\chess-idan\Project1\Project1\Queen.h(8,8): error C2061: syntax error: identifier 'Player'
  (compiling source file 'Manager.cpp')
  
C:\Users\User\Documents\chess\chess-idan\Project1\Project1\King.h(10,21): error C2504: 'Piece': base class undefined
  (compiling source file 'Manager.cpp')
  
C:\Users\User\Documents\chess\chess-idan\Project1\Project1\Pawn.h(7,21): error C2504: 'Piece': base class undefined
  (compiling source file 'Manager.cpp')
  
C:\Users\User\Documents\chess\chess-idan\Project1\Project1\NullPiece.h(5,26): error C2504: 'Piece': base class undefined
  (compiling source file 'Manager.cpp')
  
  NullPiece.cpp
C:\Users\User\Documents\chess\chess-idan\Project1\Project1\Rook.h(6,21): error C2504: 'Piece': base class undefined
  (compiling source file 'NullPiece.cpp')
  
C:\Users\User\Documents\chess\chess-idan\Project1\Project1\Knight.h(6,23): error C2504: 'Piece': base class undefined
  (compiling source file 'NullPiece.cpp')
  
C:\Users\User\Documents\chess\chess-idan\Project1\Project1\Bishop.h(6,23): error C2504: 'Piece': base class undefined
  (compiling source file 'NullPiece.cpp')
  
C:\Users\User\Documents\chess\chess-idan\Project1\Project1\Queen.h(5,22): error C2504: 'Piece': base class undefined
  (compiling source file 'NullPiece.cpp')
  
C:\Users\User\Documents\chess\chess-idan\Project1\Project1\King.h(10,21): error C2504: 'Piece': base class undefined
  (compiling source file 'NullPiece.cpp')
  
C:\Users\User\Documents\chess\chess-idan\Project1\Project1\Pawn.h(7,21): error C2504: 'Piece': base class undefined
  (compiling source file 'NullPiece.cpp')
  
  Pawn.cpp
C:\Users\User\Documents\chess\chess-idan\Project1\Project1\Rook.h(6,21): error C2504: 'Piece': base class undefined
  (compiling source file 'Pawn.cpp')
  
C:\Users\User\Documents\chess\chess-idan\Project1\Project1\Knight.h(6,23): error C2504: 'Piece': base class undefined
  (compiling source file 'Pawn.cpp')
  
C:\Users\User\Documents\chess\chess-idan\Project1\Project1\Bishop.h(6,23): error C2504: 'Piece': base class undefined
  (compiling source file 'Pawn.cpp')
  
C:\Users\User\Documents\chess\chess-idan\Project1\Project1\Queen.h(5,22): error C2504: 'Piece': base class undefined
  (compiling source file 'Pawn.cpp')
  
C:\Users\User\Documents\chess\chess-idan\Project1\Project1\King.h(10,21): error C2504: 'Piece': base class undefined
  (compiling source file 'Pawn.cpp')
  
C:\Users\User\Documents\chess\chess-idan\Project1\Project1\NullPiece.h(5,26): error C2504: 'Piece': base class undefined
  (compiling source file 'Pawn.cpp')
  
  Piece.cpp
C:\Users\User\Documents\chess\chess-idan\Project1\Project1\Rook.h(6,21): error C2504: 'Piece': base class undefined
  (compiling source file 'Piece.cpp')
  
C:\Users\User\Documents\chess\chess-idan\Project1\Project1\Knight.h(6,23): error C2504: 'Piece': base class undefined
  (compiling source file 'Piece.cpp')
  
C:\Users\User\Documents\chess\chess-idan\Project1\Project1\Bishop.h(6,23): error C2504: 'Piece': base class undefined
  (compiling source file 'Piece.cpp')
  
C:\Users\User\Documents\chess\chess-idan\Project1\Project1\Queen.h(5,22): error C2504: 'Piece': base class undefined
  (compiling source file 'Piece.cpp')
  
C:\Users\User\Documents\chess\chess-idan\Project1\Project1\King.h(10,21): error C2504: 'Piece': base class undefined
  (compiling source file 'Piece.cpp')
  
C:\Users\User\Documents\chess\chess-idan\Project1\Project1\Pawn.h(7,21): error C2504: 'Piece': base class undefined
  (compiling source file 'Piece.cpp')
  
C:\Users\User\Documents\chess\chess-idan\Project1\Project1\NullPiece.h(5,26): error C2504: 'Piece': base class undefined
  (compiling source file 'Piece.cpp')
  
  Player.cpp
C:\Users\User\Documents\chess\chess-idan\Project1\Project1\Rook.h(6,21): error C2504: 'Piece': base class undefined
  (compiling source file 'Player.cpp')
  
C:\Users\User\Documents\chess\chess-idan\Project1\Project1\Rook.h(9,7): error C2061: syntax error: identifier 'Player'
  (compiling source file 'Player.cpp')
  
C:\Users\User\Documents\chess\chess-idan\Project1\Project1\Knight.h(6,23): error C2504: 'Piece': base class undefined
  (compiling source file 'Player.cpp')
  
C:\Users\User\Documents\chess\chess-idan\Project1\Project1\Knight.h(9,9): error C2061: syntax error: identifier 'Player'
  (compiling source file 'Player.cpp')
  
C:\Users\User\Documents\chess\chess-idan\Project1\Project1\Bishop.h(6,23): error C2504: 'Piece': base class undefined
  (compiling source file 'Player.cpp')
  
C:\Users\User\Documents\chess\chess-idan\Project1\Project1\Bishop.h(9,9): error C2061: syntax error: identifier 'Player'
  (compiling source file 'Player.cpp')
  
C:\Users\User\Documents\chess\chess-idan\Project1\Project1\Queen.h(5,22): error C2504: 'Piece': base class undefined
  (compiling source file 'Player.cpp')
  
C:\Users\User\Documents\chess\chess-idan\Project1\Project1\Queen.h(8,8): error C2061: syntax error: identifier 'Player'
  (compiling source file 'Player.cpp')
  
C:\Users\User\Documents\chess\chess-idan\Project1\Project1\King.h(10,21): error C2504: 'Piece': base class undefined
  (compiling source file 'Player.cpp')
  
C:\Users\User\Documents\chess\chess-idan\Project1\Project1\Pawn.h(7,21): error C2504: 'Piece': base class undefined
  (compiling source file 'Player.cpp')
  
C:\Users\User\Documents\chess\chess-idan\Project1\Project1\NullPiece.h(5,26): error C2504: 'Piece': base class undefined
  (compiling source file 'Player.cpp')
  
  Queen.cpp
C:\Users\User\Documents\chess\chess-idan\Project1\Project1\Rook.h(6,21): error C2504: 'Piece': base class undefined
  (compiling source file 'Queen.cpp')
  
C:\Users\User\Documents\chess\chess-idan\Project1\Project1\Knight.h(6,23): error C2504: 'Piece': base class undefined
  (compiling source file 'Queen.cpp')
  
C:\Users\User\Documents\chess\chess-idan\Project1\Project1\Bishop.h(6,23): error C2504: 'Piece': base class undefined
  (compiling source file 'Queen.cpp')
  
C:\Users\User\Documents\chess\chess-idan\Project1\Project1\King.h(10,21): error C2504: 'Piece': base class undefined
  (compiling source file 'Queen.cpp')
  
C:\Users\User\Documents\chess\chess-idan\Project1\Project1\Pawn.h(7,21): error C2504: 'Piece': base class undefined
  (compiling source file 'Queen.cpp')
  
C:\Users\User\Documents\chess\chess-idan\Project1\Project1\NullPiece.h(5,26): error C2504: 'Piece': base class undefined
  (compiling source file 'Queen.cpp')
  
  Rook.cpp
C:\Users\User\Documents\chess\chess-idan\Project1\Project1\Knight.h(6,23): error C2504: 'Piece': base class undefined
  (compiling source file 'Rook.cpp')
  
C:\Users\User\Documents\chess\chess-idan\Project1\Project1\Bishop.h(6,23): error C2504: 'Piece': base class undefined
  (compiling source file 'Rook.cpp')
  
C:\Users\User\Documents\chess\chess-idan\Project1\Project1\Queen.h(5,22): error C2504: 'Piece': base class undefined
  (compiling source file 'Rook.cpp')
  
C:\Users\User\Documents\chess\chess-idan\Project1\Project1\King.h(10,21): error C2504: 'Piece': base class undefined
  (compiling source file 'Rook.cpp')
  
C:\Users\User\Documents\chess\chess-idan\Project1\Project1\Pawn.h(7,21): error C2504: 'Piece': base class undefined
  (compiling source file 'Rook.cpp')
  
C:\Users\User\Documents\chess\chess-idan\Project1\Project1\NullPiece.h(5,26): error C2504: 'Piece': base class undefined
  (compiling source file 'Rook.cpp')
  
  Source.cpp
C:\Users\User\Documents\chess\chess-idan\Project1\Project1\Rook.h(6,21): error C2504: 'Piece': base class undefined
  (compiling source file 'Source.cpp')
  
C:\Users\User\Documents\chess\chess-idan\Project1\Project1\Rook.h(9,7): error C2061: syntax error: identifier 'Player'
  (compiling source file 'Source.cpp')
  
C:\Users\User\Documents\chess\chess-idan\Project1\Project1\Knight.h(6,23): error C2504: 'Piece': base class undefined
  (compiling source file 'Source.cpp')
  
C:\Users\User\Documents\chess\chess-idan\Project1\Project1\Knight.h(9,9): error C2061: syntax error: identifier 'Player'
  (compiling source file 'Source.cpp')
  
C:\Users\User\Documents\chess\chess-idan\Project1\Project1\Bishop.h(6,23): error C2504: 'Piece': base class undefined
  (compiling source file 'Source.cpp')
  
C:\Users\User\Documents\chess\chess-idan\Project1\Project1\Bishop.h(9,9): error C2061: syntax error: identifier 'Player'
  (compiling source file 'Source.cpp')
  
C:\Users\User\Documents\chess\chess-idan\Project1\Project1\Queen.h(5,22): error C2504: 'Piece': base class undefined
  (compiling source file 'Source.cpp')
  
C:\Users\User\Documents\chess\chess-idan\Project1\Project1\Queen.h(8,8): error C2061: syntax error: identifier 'Player'
  (compiling source file 'Source.cpp')
  
C:\Users\User\Documents\chess\chess-idan\Project1\Project1\King.h(10,21): error C2504: 'Piece': base class undefined
  (compiling source file 'Source.cpp')
  
C:\Users\User\Documents\chess\chess-idan\Project1\Project1\Pawn.h(7,21): error C2504: 'Piece': base class undefined
  (compiling source file 'Source.cpp')
  
C:\Users\User\Documents\chess\chess-idan\Project1\Project1\NullPiece.h(5,26): error C2504: 'Piece': base class undefined
  (compiling source file 'Source.cpp')
  
  Generating Code...
